<?xml version="1.0" encoding="UTF-8"?>
<testsuite xmlns:xsi="http://www.w3.org/2001/XMLSchema-instance" xsi:schemaLocation="https://maven.apache.org/surefire/maven-surefire-plugin/xsd/surefire-test-report.xsd" name="com.serenity.thucydides.GoogleSearch" time="29.474" tests="7" errors="0" skipped="0" failures="0">
  <properties>
[...]
</properties>
  <testcase name="BeforeStories" classname="java.lang.Object" time="0.016"/>
  <testcase name="Given Tom a customer" classname="com.serenity.thucydides.storySteps.ProjectStorySteps" time="22.822"/>
  <testcase name="When Tom is on the Home page" classname="com.serenity.thucydides.storySteps.ProjectStorySteps" time="1.42"/>
  <testcase name="Then Tom should be able to see the BGE logo on Home page" classname="com.serenity.thucydides.storySteps.ProjectStorySteps" time="1.514"/>
  <testcase name="Scenario: Customer view Header on the Home Us page" classname="Scenario: Customer view Header on the Home Us page" time="1.546"/>
  <testcase name="bge.story" classname="bge.story" time="2.889"/>
  <testcase name="AfterStories" classname="java.lang.Object" time="1.312"/>
</testsuite>