<?xml version="1.0" encoding="UTF-8"?>
<testsuite xmlns:xsi="http://www.w3.org/2001/XMLSchema-instance" xsi:schemaLocation="https://maven.apache.org/surefire/maven-surefire-plugin/xsd/surefire-test-report.xsd" name="thucydides.GoogleSearch" time="2.271" tests="7" errors="0" skipped="3" failures="0">
  <properties>
[...]
</properties>
  <testcase name="BeforeStories" classname="java.lang.Object" time="0.016"/>
  <testcase name="[PENDING] Given Tom, a customer" classname="[PENDING] Given Tom, a customer" time="0">
    <skipped/>
    <system-out><![CDATA[
Running story stories/NewStory.story

(stories/NewStory.story)
Scenario: Customer view Header on the Home Us page
]]></system-out>
    <system-err><![CDATA[[pool-1-thread-1] INFO net.thucydides.core.webdriver.SystemPropertiesConfiguration - project.build.directory : null
[pool-1-thread-1] INFO net.thucydides.core.webdriver.SystemPropertiesConfiguration - project.reporting.OutputDirectory : null
[pool-1-thread-1] INFO net.thucydides.core.webdriver.SystemPropertiesConfiguration - OutputDirectory : D:\Users\698310\workspace\thucydides\target\site\serenity
[pool-1-thread-1] INFO net.serenitybdd.core.Serenity - 

-------------------------------------------------------------------------------------
     _______. _______ .______       _______ .__   __.  __  .___________.____    ____ 
    /       ||   ____||   _  \     |   ____||  \ |  | |  | |           |\   \  /   / 
   |   (----`|  |__   |  |_)  |    |  |__   |   \|  | |  | `---|  |----` \   \/   /  
    \   \    |   __|  |      /     |   __|  |  . `  | |  |     |  |       \_    _/   
.----)   |   |  |____ |  |\  \----.|  |____ |  |\   | |  |     |  |         |  |     
|_______/    |_______|| _| `._____||_______||__| \__| |__|     |__|         |__|    
-------------------------------------------------------------------------------------

[pool-1-thread-1] INFO net.serenitybdd.core.Serenity - Test Suite Started: New story
[pool-1-thread-1] INFO net.serenitybdd.core.Serenity - 
 _____ _____ ____ _____   ____ _____  _    ____ _____ _____ ____  
|_   _| ____/ ___|_   _| / ___|_   _|/ \  |  _ \_   _| ____|  _ \ 
  | | |  _| \___ \ | |   \___ \ | | / _ \ | |_) || | |  _| | | | |
  | | | |___ ___) || |    ___) || |/ ___ \|  _ < | | | |___| |_| |
  |_| |_____|____/ |_|   |____/ |_/_/   \_\_| \_\|_| |_____|____/ 
                                                                  

TEST STARTED: Customer view Header on the Home Us page
-------------------------------------------------------------------
]]></system-err>
  </testcase>
  <testcase name="[PENDING] When Tom, is on the Home page" classname="[PENDING] When Tom, is on the Home page" time="0">
    <skipped/>
    <system-out><![CDATA[Using timeout for story NewStory.story of 10000 secs.
Given Tom, a customer (PENDING)
]]></system-out>
    <system-err><![CDATA[[pool-1-thread-1] INFO net.serenitybdd.core.Serenity - STARTING STEP Given Tom, a customer
[pool-1-thread-1] INFO net.serenitybdd.core.Serenity - TEST PENDING
[pool-1-thread-1] INFO net.serenitybdd.core.Serenity - PENDING STEP
]]></system-err>
  </testcase>
  <testcase name="[PENDING] Then Tom, should be able to see the BGE logo on Home page" classname="[PENDING] Then Tom, should be able to see the BGE logo on Home page" time="0">
    <skipped/>
    <system-out><![CDATA[When Tom, is on the Home page (PENDING)
]]></system-out>
    <system-err><![CDATA[[pool-1-thread-1] INFO net.serenitybdd.core.Serenity - STARTING STEP When Tom, is on the Home page
[pool-1-thread-1] INFO net.serenitybdd.core.Serenity - TEST PENDING
[pool-1-thread-1] INFO net.serenitybdd.core.Serenity - PENDING STEP
]]></system-err>
  </testcase>
  <testcase name="Scenario: Customer view Header on the Home Us page" classname="Scenario: Customer view Header on the Home Us page" time="0.079"/>
  <testcase name="NewStory.story" classname="NewStory.story" time="0.141"/>
  <testcase name="AfterStories" classname="java.lang.Object" time="0"/>
</testsuite>